# JRE version: Java(TM) SE Runtime Environment (8.0_121-b13) (build 1.8.0_121-b13)
# Java VM: Java HotSpot(TM) 64-Bit Server VM (25.121-b13 mixed mode linux-amd64 compressed oops)
Heap:
 PSYoungGen      total 74752K, used 12903K [0x000000076cd80000, 0x0000000772080000, 0x00000007c0000000)
  eden space 64512K, 20% used [0x000000076cd80000,0x000000076da19df8,0x0000000770c80000)
  from space 10240K, 0% used [0x0000000770c80000,0x0000000770c80000,0x0000000771680000)
  to   space 10240K, 0% used [0x0000000771680000,0x0000000771680000,0x0000000772080000)
 ParOldGen       total 171008K, used 882K [0x00000006c6800000, 0x00000006d0f00000, 0x000000076cd80000)
  object space 171008K, 0% used [0x00000006c6800000,0x00000006c68dc8d8,0x00000006d0f00000)
 Metaspace       used 7309K, capacity 7592K, committed 7680K, reserved 1056768K
  class space    used 864K, capacity 974K, committed 1024K, reserved 1048576K
GC Heap History (4 events):
Event: 0.173 GC heap before
{Heap before GC invocations=1 (full 0):
 PSYoungGen      total 74752K, used 6451K [0x000000076cd80000, 0x0000000772080000, 0x00000007c0000000)
  eden space 64512K, 10% used [0x000000076cd80000,0x000000076d3ccde8,0x0000000770c80000)
  from space 10240K, 0% used [0x0000000771680000,0x0000000771680000,0x0000000772080000)
  to   space 10240K, 0% used [0x0000000770c80000,0x0000000770c80000,0x0000000771680000)
 ParOldGen       total 171008K, used 0K [0x00000006c6800000, 0x00000006d0f00000, 0x000000076cd80000)
  object space 171008K, 0% used [0x00000006c6800000,0x00000006c6800000,0x00000006d0f00000)
 Metaspace       used 5700K, capacity 5858K, committed 6144K, reserved 1056768K
  class space    used 665K, capacity 735K, committed 768K, reserved 1048576K
Event: 0.175 GC heap after
Heap after GC invocations=1 (full 0):
 PSYoungGen      total 74752K, used 944K [0x000000076cd80000, 0x0000000772080000, 0x00000007c0000000)
  eden space 64512K, 0% used [0x000000076cd80000,0x000000076cd80000,0x0000000770c80000)
  from space 10240K, 9% used [0x0000000770c80000,0x0000000770d6c010,0x0000000771680000)
  to   space 10240K, 0% used [0x0000000771680000,0x0000000771680000,0x0000000772080000)
 ParOldGen       total 171008K, used 8K [0x00000006c6800000, 0x00000006d0f00000, 0x000000076cd80000)
  object space 171008K, 0% used [0x00000006c6800000,0x00000006c6802000,0x00000006d0f00000)
 Metaspace       used 5700K, capacity 5858K, committed 6144K, reserved 1056768K
  class space    used 665K, capacity 735K, committed 768K, reserved 1048576K
}
Event: 0.175 GC heap before
{Heap before GC invocations=2 (full 1):
 PSYoungGen      total 74752K, used 944K [0x000000076cd80000, 0x0000000772080000, 0x00000007c0000000)
  eden space 64512K, 0% used [0x000000076cd80000,0x000000076cd80000,0x0000000770c80000)
  from space 10240K, 9% used [0x0000000770c80000,0x0000000770d6c010,0x0000000771680000)
  to   space 10240K, 0% used [0x0000000771680000,0x0000000771680000,0x0000000772080000)
 ParOldGen       total 171008K, used 8K [0x00000006c6800000, 0x00000006d0f00000, 0x000000076cd80000)
  object space 171008K, 0% used [0x00000006c6800000,0x00000006c6802000,0x00000006d0f00000)
 Metaspace       used 5700K, capacity 5858K, committed 6144K, reserved 1056768K
  class space    used 665K, capacity 735K, committed 768K, reserved 1048576K
Event: 0.182 GC heap after
Heap after GC invocations=2 (full 1):
 PSYoungGen      total 74752K, used 0K [0x000000076cd80000, 0x0000000772080000, 0x00000007c0000000)
  eden space 64512K, 0% used [0x000000076cd80000,0x000000076cd80000,0x0000000770c80000)
  from space 10240K, 0% used [0x0000000770c80000,0x0000000770c80000,0x0000000771680000)
  to   space 10240K, 0% used [0x0000000771680000,0x0000000771680000,0x0000000772080000)
 ParOldGen       total 171008K, used 882K [0x00000006c6800000, 0x00000006d0f00000, 0x000000076cd80000)
  object space 171008K, 0% used [0x00000006c6800000,0x00000006c68dc8d8,0x00000006d0f00000)
 Metaspace       used 5700K, capacity 5858K, committed 6144K, reserved 1056768K
  class space    used 665K, capacity 735K, committed 768K, reserved 1048576K
}

