# JRE version: Java(TM) SE Runtime Environment (8.0_121-b13) (build 1.8.0_121-b13)
# Java VM: Java HotSpot(TM) 64-Bit Server VM (25.121-b13 mixed mode linux-amd64 compressed oops)
Heap:
 PSYoungGen      total 75264K, used 11183K [0x000000076ca00000, 0x0000000771e00000, 0x00000007c0000000)
  eden space 64512K, 17% used [0x000000076ca00000,0x000000076d4ebf68,0x0000000770900000)
  from space 10752K, 0% used [0x0000000770900000,0x0000000770900000,0x0000000771380000)
  to   space 10752K, 0% used [0x0000000771380000,0x0000000771380000,0x0000000771e00000)
 ParOldGen       total 172032K, used 910K [0x00000006c5e00000, 0x00000006d0600000, 0x000000076ca00000)
  object space 172032K, 0% used [0x00000006c5e00000,0x00000006c5ee3b70,0x00000006d0600000)
 Metaspace       used 7448K, capacity 7776K, committed 7936K, reserved 1056768K
  class space    used 881K, capacity 974K, committed 1024K, reserved 1048576K
GC Heap History (4 events):
Event: 0.131 GC heap before
{Heap before GC invocations=1 (full 0):
 PSYoungGen      total 75264K, used 7744K [0x000000076ca00000, 0x0000000771e00000, 0x00000007c0000000)
  eden space 64512K, 12% used [0x000000076ca00000,0x000000076d1902a0,0x0000000770900000)
  from space 10752K, 0% used [0x0000000771380000,0x0000000771380000,0x0000000771e00000)
  to   space 10752K, 0% used [0x0000000770900000,0x0000000770900000,0x0000000771380000)
 ParOldGen       total 172032K, used 0K [0x00000006c5e00000, 0x00000006d0600000, 0x000000076ca00000)
  object space 172032K, 0% used [0x00000006c5e00000,0x00000006c5e00000,0x00000006d0600000)
 Metaspace       used 5983K, capacity 6138K, committed 6144K, reserved 1056768K
  class space    used 700K, capacity 767K, committed 768K, reserved 1048576K
Event: 0.133 GC heap after
Heap after GC invocations=1 (full 0):
 PSYoungGen      total 75264K, used 976K [0x000000076ca00000, 0x0000000771e00000, 0x00000007c0000000)
  eden space 64512K, 0% used [0x000000076ca00000,0x000000076ca00000,0x0000000770900000)
  from space 10752K, 9% used [0x0000000770900000,0x00000007709f4010,0x0000000771380000)
  to   space 10752K, 0% used [0x0000000771380000,0x0000000771380000,0x0000000771e00000)
 ParOldGen       total 172032K, used 8K [0x00000006c5e00000, 0x00000006d0600000, 0x000000076ca00000)
  object space 172032K, 0% used [0x00000006c5e00000,0x00000006c5e02000,0x00000006d0600000)
 Metaspace       used 5983K, capacity 6138K, committed 6144K, reserved 1056768K
  class space    used 700K, capacity 767K, committed 768K, reserved 1048576K
}
Event: 0.133 GC heap before
{Heap before GC invocations=2 (full 1):
 PSYoungGen      total 75264K, used 976K [0x000000076ca00000, 0x0000000771e00000, 0x00000007c0000000)
  eden space 64512K, 0% used [0x000000076ca00000,0x000000076ca00000,0x0000000770900000)
  from space 10752K, 9% used [0x0000000770900000,0x00000007709f4010,0x0000000771380000)
  to   space 10752K, 0% used [0x0000000771380000,0x0000000771380000,0x0000000771e00000)
 ParOldGen       total 172032K, used 8K [0x00000006c5e00000, 0x00000006d0600000, 0x000000076ca00000)
  object space 172032K, 0% used [0x00000006c5e00000,0x00000006c5e02000,0x00000006d0600000)
 Metaspace       used 5983K, capacity 6138K, committed 6144K, reserved 1056768K
  class space    used 700K, capacity 767K, committed 768K, reserved 1048576K
Event: 0.139 GC heap after
Heap after GC invocations=2 (full 1):
 PSYoungGen      total 75264K, used 0K [0x000000076ca00000, 0x0000000771e00000, 0x00000007c0000000)
  eden space 64512K, 0% used [0x000000076ca00000,0x000000076ca00000,0x0000000770900000)
  from space 10752K, 0% used [0x0000000770900000,0x0000000770900000,0x0000000771380000)
  to   space 10752K, 0% used [0x0000000771380000,0x0000000771380000,0x0000000771e00000)
 ParOldGen       total 172032K, used 910K [0x00000006c5e00000, 0x00000006d0600000, 0x000000076ca00000)
  object space 172032K, 0% used [0x00000006c5e00000,0x00000006c5ee3b70,0x00000006d0600000)
 Metaspace       used 5983K, capacity 6138K, committed 6144K, reserved 1056768K
  class space    used 700K, capacity 767K, committed 768K, reserved 1048576K
}

